[2022-02-17 11:29:12,548] INFO Starting the log cleaner (kafka.log.LogCleaner)
[2022-02-17 11:29:12,653] INFO [kafka-log-cleaner-thread-0]: Starting (kafka.log.LogCleaner)
[2022-02-17 11:55:45,316] INFO The cleaning for partition second_topic-3 is aborted and paused (kafka.log.LogCleaner)
[2022-02-17 11:55:45,316] INFO The cleaning for partition second_topic-3 is aborted (kafka.log.LogCleaner)
[2022-02-17 11:55:45,384] INFO The cleaning for partition second_topic-5 is aborted and paused (kafka.log.LogCleaner)
[2022-02-17 11:55:45,384] INFO The cleaning for partition second_topic-5 is aborted (kafka.log.LogCleaner)
[2022-02-17 11:55:45,428] INFO The cleaning for partition second_topic-0 is aborted and paused (kafka.log.LogCleaner)
[2022-02-17 11:55:45,428] INFO The cleaning for partition second_topic-0 is aborted (kafka.log.LogCleaner)
[2022-02-17 11:55:45,462] INFO The cleaning for partition second_topic-2 is aborted and paused (kafka.log.LogCleaner)
[2022-02-17 11:55:45,463] INFO The cleaning for partition second_topic-2 is aborted (kafka.log.LogCleaner)
[2022-02-17 11:55:45,495] INFO The cleaning for partition second_topic-1 is aborted and paused (kafka.log.LogCleaner)
[2022-02-17 11:55:45,495] INFO The cleaning for partition second_topic-1 is aborted (kafka.log.LogCleaner)
[2022-02-17 11:55:45,530] INFO The cleaning for partition second_topic-4 is aborted and paused (kafka.log.LogCleaner)
[2022-02-17 11:55:45,530] INFO The cleaning for partition second_topic-4 is aborted (kafka.log.LogCleaner)
[2022-02-17 11:58:07,986] INFO Starting the log cleaner (kafka.log.LogCleaner)
[2022-02-17 11:58:08,072] INFO [kafka-log-cleaner-thread-0]: Starting (kafka.log.LogCleaner)
[2022-02-19 18:56:32,555] INFO Starting the log cleaner (kafka.log.LogCleaner)
[2022-02-19 18:56:32,687] INFO [kafka-log-cleaner-thread-0]: Starting (kafka.log.LogCleaner)
[2022-02-20 22:04:49,524] INFO Starting the log cleaner (kafka.log.LogCleaner)
[2022-02-20 22:04:49,678] INFO [kafka-log-cleaner-thread-0]: Starting (kafka.log.LogCleaner)
[2022-02-22 00:00:38,009] INFO Shutting down the log cleaner. (kafka.log.LogCleaner)
[2022-02-22 00:00:38,021] INFO [kafka-log-cleaner-thread-0]: Shutting down (kafka.log.LogCleaner)
[2022-02-22 00:00:38,022] INFO [kafka-log-cleaner-thread-0]: Stopped (kafka.log.LogCleaner)
[2022-02-22 00:00:38,023] INFO [kafka-log-cleaner-thread-0]: Shutdown completed (kafka.log.LogCleaner)
[2022-02-26 21:44:14,205] INFO Starting the log cleaner (kafka.log.LogCleaner)
[2022-02-26 21:44:14,338] INFO [kafka-log-cleaner-thread-0]: Starting (kafka.log.LogCleaner)
[2022-02-27 01:02:48,971] INFO Starting the log cleaner (kafka.log.LogCleaner)
[2022-02-27 01:02:49,138] INFO [kafka-log-cleaner-thread-0]: Starting (kafka.log.LogCleaner)
[2022-02-27 01:13:05,037] INFO Cleaner 0: Beginning cleaning of log __consumer_offsets-18. (kafka.log.LogCleaner)
[2022-02-27 01:13:05,038] INFO Cleaner 0: Building offset map for __consumer_offsets-18... (kafka.log.LogCleaner)
[2022-02-27 01:13:05,107] INFO Cleaner 0: Building offset map for log __consumer_offsets-18 for 1 segments in offset range [0, 2198). (kafka.log.LogCleaner)
[2022-02-27 01:13:05,180] INFO Cleaner 0: Offset map for log __consumer_offsets-18 complete. (kafka.log.LogCleaner)
[2022-02-27 01:13:05,181] INFO Cleaner 0: Cleaning log __consumer_offsets-18 (cleaning prior to Thu Feb 17 15:34:58 IST 2022, discarding tombstones prior to Thu Jan 01 05:30:00 IST 1970)... (kafka.log.LogCleaner)
[2022-02-27 01:13:05,185] INFO Cleaner 0: Cleaning LogSegment(baseOffset=0, size=264756, lastModifiedTime=1645092298977, largestTime=1645092298977) in log __consumer_offsets-18 into 0 with deletion horizon 0, retaining deletes. (kafka.log.LogCleaner)
[2022-02-27 01:13:05,380] INFO Cleaner 0: Swapping in cleaned segment LogSegment(baseOffset=0, size=526, lastModifiedTime=1645092298977, largestTime=1645092298977) for segment(s) List(LogSegment(baseOffset=0, size=264756, lastModifiedTime=1645092298977, largestTime=1645092298977)) in log Log(dir=C:\kafka_2.13-2.5.0\data\kafka\__consumer_offsets-18, topic=__consumer_offsets, partition=18, highWatermark=2202, lastStableOffset=2202, logStartOffset=0, logEndOffset=2202) (kafka.log.LogCleaner)
[2022-03-01 17:22:02,912] INFO Starting the log cleaner (kafka.log.LogCleaner)
[2022-03-01 17:22:03,051] INFO [kafka-log-cleaner-thread-0]: Starting (kafka.log.LogCleaner)
[2022-03-01 17:22:03,127] INFO Cleaner 0: Beginning cleaning of log __consumer_offsets-18. (kafka.log.LogCleaner)
[2022-03-01 17:22:03,128] INFO Cleaner 0: Building offset map for __consumer_offsets-18... (kafka.log.LogCleaner)
[2022-03-01 17:22:03,189] INFO Cleaner 0: Building offset map for log __consumer_offsets-18 for 1 segments in offset range [0, 2198). (kafka.log.LogCleaner)
[2022-03-01 17:22:03,328] INFO Cleaner 0: Offset map for log __consumer_offsets-18 complete. (kafka.log.LogCleaner)
[2022-03-01 17:22:03,358] INFO Cleaner 0: Cleaning log __consumer_offsets-18 (cleaning prior to Thu Feb 17 15:34:58 IST 2022, discarding tombstones prior to Thu Jan 01 05:30:00 IST 1970)... (kafka.log.LogCleaner)
[2022-03-01 17:22:03,364] INFO Cleaner 0: Cleaning LogSegment(baseOffset=0, size=264756, lastModifiedTime=1645092298977, largestTime=1645092298977) in log __consumer_offsets-18 into 0 with deletion horizon 0, retaining deletes. (kafka.log.LogCleaner)
[2022-03-01 17:22:03,493] INFO Cleaner 0: Swapping in cleaned segment LogSegment(baseOffset=0, size=526, lastModifiedTime=1645092298977, largestTime=1645092298977) for segment(s) List(LogSegment(baseOffset=0, size=264756, lastModifiedTime=1645092298977, largestTime=1645092298977)) in log Log(dir=C:\kafka_2.13-2.5.0\data\kafka\__consumer_offsets-18, topic=__consumer_offsets, partition=18, highWatermark=0, lastStableOffset=0, logStartOffset=0, logEndOffset=2202) (kafka.log.LogCleaner)
[2022-03-01 17:22:03,624] INFO Cleaner 0: Beginning cleaning of log __consumer_offsets-18. (kafka.log.LogCleaner)
[2022-03-01 17:22:03,624] INFO Cleaner 0: Building offset map for __consumer_offsets-18... (kafka.log.LogCleaner)
[2022-03-01 17:22:03,647] INFO Cleaner 0: Building offset map for log __consumer_offsets-18 for 1 segments in offset range [0, 2198). (kafka.log.LogCleaner)
[2022-03-01 17:22:03,657] INFO Cleaner 0: Offset map for log __consumer_offsets-18 complete. (kafka.log.LogCleaner)
[2022-03-01 17:22:03,657] INFO Cleaner 0: Cleaning log __consumer_offsets-18 (cleaning prior to Thu Feb 17 15:34:58 IST 2022, discarding tombstones prior to Thu Jan 01 05:30:00 IST 1970)... (kafka.log.LogCleaner)
[2022-03-01 17:22:03,818] INFO Cleaner 0: Beginning cleaning of log __consumer_offsets-18. (kafka.log.LogCleaner)
[2022-03-01 17:22:03,818] INFO Cleaner 0: Building offset map for __consumer_offsets-18... (kafka.log.LogCleaner)
[2022-03-01 17:22:03,841] INFO Cleaner 0: Building offset map for log __consumer_offsets-18 for 1 segments in offset range [0, 2198). (kafka.log.LogCleaner)
[2022-03-01 17:22:03,861] INFO Cleaner 0: Offset map for log __consumer_offsets-18 complete. (kafka.log.LogCleaner)
[2022-03-01 17:22:03,863] INFO Cleaner 0: Cleaning log __consumer_offsets-18 (cleaning prior to Thu Feb 17 15:34:58 IST 2022, discarding tombstones prior to Thu Jan 01 05:30:00 IST 1970)... (kafka.log.LogCleaner)
[2022-03-01 17:22:03,904] INFO Cleaner 0: Beginning cleaning of log __consumer_offsets-18. (kafka.log.LogCleaner)
[2022-03-01 17:22:03,904] INFO Cleaner 0: Building offset map for __consumer_offsets-18... (kafka.log.LogCleaner)
[2022-03-01 17:22:03,932] INFO Cleaner 0: Building offset map for log __consumer_offsets-18 for 1 segments in offset range [0, 2198). (kafka.log.LogCleaner)
[2022-03-01 17:22:03,951] INFO Cleaner 0: Offset map for log __consumer_offsets-18 complete. (kafka.log.LogCleaner)
[2022-03-01 17:22:03,952] INFO Cleaner 0: Cleaning log __consumer_offsets-18 (cleaning prior to Thu Feb 17 15:34:58 IST 2022, discarding tombstones prior to Thu Jan 01 05:30:00 IST 1970)... (kafka.log.LogCleaner)
[2022-03-01 17:22:04,022] INFO Cleaner 0: Beginning cleaning of log __consumer_offsets-18. (kafka.log.LogCleaner)
[2022-03-01 17:22:04,023] INFO Cleaner 0: Building offset map for __consumer_offsets-18... (kafka.log.LogCleaner)
[2022-03-01 17:22:04,051] INFO Cleaner 0: Building offset map for log __consumer_offsets-18 for 1 segments in offset range [0, 2198). (kafka.log.LogCleaner)
[2022-03-01 17:22:04,060] INFO Cleaner 0: Offset map for log __consumer_offsets-18 complete. (kafka.log.LogCleaner)
[2022-03-01 17:22:04,062] INFO Cleaner 0: Cleaning log __consumer_offsets-18 (cleaning prior to Thu Feb 17 15:34:58 IST 2022, discarding tombstones prior to Thu Jan 01 05:30:00 IST 1970)... (kafka.log.LogCleaner)
[2022-03-01 17:22:04,133] INFO Cleaner 0: Beginning cleaning of log __consumer_offsets-18. (kafka.log.LogCleaner)
[2022-03-01 17:22:04,133] INFO Cleaner 0: Building offset map for __consumer_offsets-18... (kafka.log.LogCleaner)
[2022-03-01 17:22:04,154] INFO Cleaner 0: Building offset map for log __consumer_offsets-18 for 1 segments in offset range [0, 2198). (kafka.log.LogCleaner)
[2022-03-01 17:22:04,159] INFO Cleaner 0: Offset map for log __consumer_offsets-18 complete. (kafka.log.LogCleaner)
[2022-03-01 17:22:04,161] INFO Cleaner 0: Cleaning log __consumer_offsets-18 (cleaning prior to Thu Feb 17 15:34:58 IST 2022, discarding tombstones prior to Thu Jan 01 05:30:00 IST 1970)... (kafka.log.LogCleaner)
[2022-03-01 17:22:04,210] INFO Cleaner 0: Beginning cleaning of log __consumer_offsets-18. (kafka.log.LogCleaner)
[2022-03-01 17:22:04,210] INFO Cleaner 0: Building offset map for __consumer_offsets-18... (kafka.log.LogCleaner)
[2022-03-01 17:22:04,236] INFO Cleaner 0: Building offset map for log __consumer_offsets-18 for 1 segments in offset range [0, 2198). (kafka.log.LogCleaner)
[2022-03-01 17:22:04,248] INFO Cleaner 0: Offset map for log __consumer_offsets-18 complete. (kafka.log.LogCleaner)
[2022-03-01 17:22:04,248] INFO Cleaner 0: Cleaning log __consumer_offsets-18 (cleaning prior to Thu Feb 17 15:34:58 IST 2022, discarding tombstones prior to Thu Jan 01 05:30:00 IST 1970)... (kafka.log.LogCleaner)
[2022-03-01 17:22:04,343] INFO Cleaner 0: Beginning cleaning of log __consumer_offsets-18. (kafka.log.LogCleaner)
[2022-03-01 17:22:04,343] INFO Cleaner 0: Building offset map for __consumer_offsets-18... (kafka.log.LogCleaner)
[2022-03-01 17:22:04,361] INFO Cleaner 0: Building offset map for log __consumer_offsets-18 for 1 segments in offset range [0, 2198). (kafka.log.LogCleaner)
[2022-03-01 17:22:04,364] INFO Cleaner 0: Offset map for log __consumer_offsets-18 complete. (kafka.log.LogCleaner)
[2022-03-01 17:22:04,364] INFO Cleaner 0: Cleaning log __consumer_offsets-18 (cleaning prior to Thu Feb 17 15:34:58 IST 2022, discarding tombstones prior to Thu Jan 01 05:30:00 IST 1970)... (kafka.log.LogCleaner)
[2022-03-01 17:22:04,486] INFO Cleaner 0: Beginning cleaning of log __consumer_offsets-18. (kafka.log.LogCleaner)
[2022-03-01 17:22:04,486] INFO Cleaner 0: Building offset map for __consumer_offsets-18... (kafka.log.LogCleaner)
[2022-03-01 17:22:04,504] INFO Cleaner 0: Building offset map for log __consumer_offsets-18 for 1 segments in offset range [0, 2198). (kafka.log.LogCleaner)
[2022-03-01 17:22:04,553] INFO Cleaner 0: Offset map for log __consumer_offsets-18 complete. (kafka.log.LogCleaner)
[2022-03-01 17:22:04,554] INFO Cleaner 0: Cleaning log __consumer_offsets-18 (cleaning prior to Thu Feb 17 15:34:58 IST 2022, discarding tombstones prior to Thu Jan 01 05:30:00 IST 1970)... (kafka.log.LogCleaner)
[2022-03-01 17:22:04,557] INFO Cleaner 0: Cleaning LogSegment(baseOffset=0, size=264756, lastModifiedTime=1645092298977, largestTime=1645092298977) in log __consumer_offsets-18 into 0 with deletion horizon 0, retaining deletes. (kafka.log.LogCleaner)
[2022-03-01 17:22:04,857] INFO Cleaner 0: Swapping in cleaned segment LogSegment(baseOffset=0, size=526, lastModifiedTime=1645092298977, largestTime=1645092298977) for segment(s) List(LogSegment(baseOffset=0, size=264756, lastModifiedTime=1645092298977, largestTime=1645092298977)) in log Log(dir=C:\kafka_2.13-2.5.0\data\kafka\__consumer_offsets-18, topic=__consumer_offsets, partition=18, highWatermark=0, lastStableOffset=0, logStartOffset=0, logEndOffset=2202) (kafka.log.LogCleaner)
[2022-03-01 17:22:05,311] INFO Cleaner 0: Beginning cleaning of log __consumer_offsets-18. (kafka.log.LogCleaner)
[2022-03-01 17:22:05,311] INFO Cleaner 0: Building offset map for __consumer_offsets-18... (kafka.log.LogCleaner)
[2022-03-01 17:22:05,332] INFO Cleaner 0: Building offset map for log __consumer_offsets-18 for 1 segments in offset range [0, 2198). (kafka.log.LogCleaner)
[2022-03-01 17:22:05,334] INFO Cleaner 0: Offset map for log __consumer_offsets-18 complete. (kafka.log.LogCleaner)
[2022-03-01 17:22:05,335] INFO Cleaner 0: Cleaning log __consumer_offsets-18 (cleaning prior to Thu Feb 17 15:34:58 IST 2022, discarding tombstones prior to Thu Jan 01 05:30:00 IST 1970)... (kafka.log.LogCleaner)
[2022-03-01 17:22:05,799] INFO Cleaner 0: Beginning cleaning of log __consumer_offsets-18. (kafka.log.LogCleaner)
[2022-03-01 17:22:05,799] INFO Cleaner 0: Building offset map for __consumer_offsets-18... (kafka.log.LogCleaner)
[2022-03-01 17:22:05,824] INFO Cleaner 0: Building offset map for log __consumer_offsets-18 for 1 segments in offset range [0, 2198). (kafka.log.LogCleaner)
[2022-03-01 17:22:05,826] INFO Cleaner 0: Offset map for log __consumer_offsets-18 complete. (kafka.log.LogCleaner)
[2022-03-01 17:22:05,826] INFO Cleaner 0: Cleaning log __consumer_offsets-18 (cleaning prior to Thu Feb 17 15:34:58 IST 2022, discarding tombstones prior to Thu Jan 01 05:30:00 IST 1970)... (kafka.log.LogCleaner)
[2022-03-01 17:24:41,418] INFO Starting the log cleaner (kafka.log.LogCleaner)
[2022-03-01 17:24:41,572] INFO [kafka-log-cleaner-thread-0]: Starting (kafka.log.LogCleaner)
[2022-03-01 17:24:41,623] INFO Cleaner 0: Beginning cleaning of log __consumer_offsets-18. (kafka.log.LogCleaner)
[2022-03-01 17:24:41,624] INFO Cleaner 0: Building offset map for __consumer_offsets-18... (kafka.log.LogCleaner)
[2022-03-01 17:24:41,662] INFO Cleaner 0: Building offset map for log __consumer_offsets-18 for 1 segments in offset range [0, 2198). (kafka.log.LogCleaner)
[2022-03-01 17:24:41,803] INFO Cleaner 0: Offset map for log __consumer_offsets-18 complete. (kafka.log.LogCleaner)
[2022-03-01 17:24:41,808] INFO Cleaner 0: Cleaning log __consumer_offsets-18 (cleaning prior to Thu Feb 17 15:34:58 IST 2022, discarding tombstones prior to Thu Jan 01 05:30:00 IST 1970)... (kafka.log.LogCleaner)
[2022-03-01 17:24:41,814] INFO Cleaner 0: Cleaning LogSegment(baseOffset=0, size=264756, lastModifiedTime=1645092298977, largestTime=1645092298977) in log __consumer_offsets-18 into 0 with deletion horizon 0, retaining deletes. (kafka.log.LogCleaner)
[2022-03-01 17:24:41,986] INFO Cleaner 0: Swapping in cleaned segment LogSegment(baseOffset=0, size=526, lastModifiedTime=1645092298977, largestTime=1645092298977) for segment(s) List(LogSegment(baseOffset=0, size=264756, lastModifiedTime=1645092298977, largestTime=1645092298977)) in log Log(dir=C:\kafka_2.13-2.5.0\data\kafka\__consumer_offsets-18, topic=__consumer_offsets, partition=18, highWatermark=0, lastStableOffset=0, logStartOffset=0, logEndOffset=2202) (kafka.log.LogCleaner)
[2022-03-01 17:24:42,091] INFO Cleaner 0: Beginning cleaning of log __consumer_offsets-18. (kafka.log.LogCleaner)
[2022-03-01 17:24:42,091] INFO Cleaner 0: Building offset map for __consumer_offsets-18... (kafka.log.LogCleaner)
[2022-03-01 17:24:42,133] INFO Cleaner 0: Building offset map for log __consumer_offsets-18 for 1 segments in offset range [0, 2198). (kafka.log.LogCleaner)
[2022-03-01 17:24:42,144] INFO Cleaner 0: Offset map for log __consumer_offsets-18 complete. (kafka.log.LogCleaner)
[2022-03-01 17:24:42,145] INFO Cleaner 0: Cleaning log __consumer_offsets-18 (cleaning prior to Thu Feb 17 15:34:58 IST 2022, discarding tombstones prior to Thu Jan 01 05:30:00 IST 1970)... (kafka.log.LogCleaner)
[2022-03-01 17:24:42,190] INFO Cleaner 0: Beginning cleaning of log __consumer_offsets-18. (kafka.log.LogCleaner)
[2022-03-01 17:24:42,190] INFO Cleaner 0: Building offset map for __consumer_offsets-18... (kafka.log.LogCleaner)
[2022-03-01 17:24:42,215] INFO Cleaner 0: Building offset map for log __consumer_offsets-18 for 1 segments in offset range [0, 2198). (kafka.log.LogCleaner)
[2022-03-01 17:24:42,229] INFO Cleaner 0: Offset map for log __consumer_offsets-18 complete. (kafka.log.LogCleaner)
[2022-03-01 17:24:42,230] INFO Cleaner 0: Cleaning log __consumer_offsets-18 (cleaning prior to Thu Feb 17 15:34:58 IST 2022, discarding tombstones prior to Thu Jan 01 05:30:00 IST 1970)... (kafka.log.LogCleaner)
[2022-03-01 17:24:42,279] INFO Cleaner 0: Beginning cleaning of log __consumer_offsets-18. (kafka.log.LogCleaner)
[2022-03-01 17:24:42,279] INFO Cleaner 0: Building offset map for __consumer_offsets-18... (kafka.log.LogCleaner)
[2022-03-01 17:24:42,305] INFO Cleaner 0: Building offset map for log __consumer_offsets-18 for 1 segments in offset range [0, 2198). (kafka.log.LogCleaner)
[2022-03-01 17:24:42,313] INFO Cleaner 0: Offset map for log __consumer_offsets-18 complete. (kafka.log.LogCleaner)
[2022-03-01 17:24:42,314] INFO Cleaner 0: Cleaning log __consumer_offsets-18 (cleaning prior to Thu Feb 17 15:34:58 IST 2022, discarding tombstones prior to Thu Jan 01 05:30:00 IST 1970)... (kafka.log.LogCleaner)
[2022-03-01 17:26:03,102] INFO Starting the log cleaner (kafka.log.LogCleaner)
[2022-03-01 17:26:03,202] INFO [kafka-log-cleaner-thread-0]: Starting (kafka.log.LogCleaner)
[2022-03-01 23:34:25,357] INFO Shutting down the log cleaner. (kafka.log.LogCleaner)
[2022-03-01 23:34:25,382] INFO [kafka-log-cleaner-thread-0]: Shutting down (kafka.log.LogCleaner)
[2022-03-01 23:34:25,407] INFO [kafka-log-cleaner-thread-0]: Stopped (kafka.log.LogCleaner)
[2022-03-01 23:34:25,407] INFO [kafka-log-cleaner-thread-0]: Shutdown completed (kafka.log.LogCleaner)
[2022-05-25 18:04:44,843] INFO Starting the log cleaner (kafka.log.LogCleaner)
[2022-05-25 18:04:44,965] INFO [kafka-log-cleaner-thread-0]: Starting (kafka.log.LogCleaner)
[2022-05-25 18:06:02,001] INFO Starting the log cleaner (kafka.log.LogCleaner)
[2022-05-25 18:06:02,079] INFO [kafka-log-cleaner-thread-0]: Starting (kafka.log.LogCleaner)
[2022-05-25 18:06:02,110] INFO Cleaner 0: Beginning cleaning of log __consumer_offsets-10. (kafka.log.LogCleaner)
[2022-05-25 18:06:02,110] INFO Cleaner 0: Building offset map for __consumer_offsets-10... (kafka.log.LogCleaner)
[2022-05-25 18:06:02,161] INFO Cleaner 0: Building offset map for log __consumer_offsets-10 for 1 segments in offset range [0, 13108). (kafka.log.LogCleaner)
[2022-05-25 18:06:02,310] INFO Cleaner 0: Offset map for log __consumer_offsets-10 complete. (kafka.log.LogCleaner)
[2022-05-25 18:06:02,325] INFO Cleaner 0: Cleaning log __consumer_offsets-10 (cleaning prior to Tue Mar 01 23:34:22 IST 2022, discarding tombstones prior to Thu Jan 01 05:30:00 IST 1970)... (kafka.log.LogCleaner)
[2022-05-25 18:06:02,325] INFO Cleaner 0: Cleaning LogSegment(baseOffset=0, size=1092619, lastModifiedTime=1646157862665, largestTime=1646157862665) in log __consumer_offsets-10 into 0 with deletion horizon 0, retaining deletes. (kafka.log.LogCleaner)
[2022-05-25 18:06:02,468] INFO Cleaner 0: Swapping in cleaned segment LogSegment(baseOffset=0, size=619, lastModifiedTime=1646157862665, largestTime=1646157862665) for segment(s) List(LogSegment(baseOffset=0, size=1092619, lastModifiedTime=1646157862665, largestTime=1646157862665)) in log Log(dir=C:\kafka_2.13-2.5.0\data\kafka\__consumer_offsets-10, topic=__consumer_offsets, partition=10, highWatermark=0, lastStableOffset=0, logStartOffset=0, logEndOffset=13109) (kafka.log.LogCleaner)
[2022-05-25 18:06:02,577] INFO Cleaner 0: Beginning cleaning of log __consumer_offsets-10. (kafka.log.LogCleaner)
[2022-05-25 18:06:02,577] INFO Cleaner 0: Building offset map for __consumer_offsets-10... (kafka.log.LogCleaner)
[2022-05-25 18:06:02,609] INFO Cleaner 0: Building offset map for log __consumer_offsets-10 for 1 segments in offset range [0, 13108). (kafka.log.LogCleaner)
[2022-05-25 18:06:02,656] INFO Cleaner 0: Offset map for log __consumer_offsets-10 complete. (kafka.log.LogCleaner)
[2022-05-25 18:06:02,656] INFO Cleaner 0: Cleaning log __consumer_offsets-10 (cleaning prior to Tue Mar 01 23:34:22 IST 2022, discarding tombstones prior to Thu Jan 01 05:30:00 IST 1970)... (kafka.log.LogCleaner)
[2022-05-25 18:06:02,718] INFO Cleaner 0: Beginning cleaning of log __consumer_offsets-10. (kafka.log.LogCleaner)
[2022-05-25 18:06:02,718] INFO Cleaner 0: Building offset map for __consumer_offsets-10... (kafka.log.LogCleaner)
[2022-05-25 18:06:02,734] INFO Cleaner 0: Building offset map for log __consumer_offsets-10 for 1 segments in offset range [0, 13108). (kafka.log.LogCleaner)
[2022-05-25 18:06:02,749] INFO Cleaner 0: Offset map for log __consumer_offsets-10 complete. (kafka.log.LogCleaner)
[2022-05-25 18:06:02,749] INFO Cleaner 0: Cleaning log __consumer_offsets-10 (cleaning prior to Tue Mar 01 23:34:22 IST 2022, discarding tombstones prior to Thu Jan 01 05:30:00 IST 1970)... (kafka.log.LogCleaner)
[2022-05-25 18:06:02,812] INFO Cleaner 0: Beginning cleaning of log __consumer_offsets-10. (kafka.log.LogCleaner)
[2022-05-25 18:06:02,812] INFO Cleaner 0: Building offset map for __consumer_offsets-10... (kafka.log.LogCleaner)
[2022-05-25 18:06:02,827] INFO Cleaner 0: Building offset map for log __consumer_offsets-10 for 1 segments in offset range [0, 13108). (kafka.log.LogCleaner)
[2022-05-25 18:06:02,859] INFO Cleaner 0: Offset map for log __consumer_offsets-10 complete. (kafka.log.LogCleaner)
[2022-05-25 18:06:02,859] INFO Cleaner 0: Cleaning log __consumer_offsets-10 (cleaning prior to Tue Mar 01 23:34:22 IST 2022, discarding tombstones prior to Thu Jan 01 05:30:00 IST 1970)... (kafka.log.LogCleaner)
[2022-05-25 18:06:02,874] INFO Cleaner 0: Cleaning LogSegment(baseOffset=0, size=1092619, lastModifiedTime=1646157862665, largestTime=1646157862665) in log __consumer_offsets-10 into 0 with deletion horizon 0, retaining deletes. (kafka.log.LogCleaner)
[2022-05-25 18:15:14,856] INFO Starting the log cleaner (kafka.log.LogCleaner)
[2022-05-25 18:15:14,956] INFO [kafka-log-cleaner-thread-0]: Starting (kafka.log.LogCleaner)
[2022-05-26 02:00:08,012] INFO Shutting down the log cleaner. (kafka.log.LogCleaner)
[2022-05-26 02:00:08,024] INFO [kafka-log-cleaner-thread-0]: Shutting down (kafka.log.LogCleaner)
[2022-05-26 02:00:08,025] INFO [kafka-log-cleaner-thread-0]: Stopped (kafka.log.LogCleaner)
[2022-05-26 02:00:08,025] INFO [kafka-log-cleaner-thread-0]: Shutdown completed (kafka.log.LogCleaner)
[2022-05-28 02:03:48,558] INFO Starting the log cleaner (kafka.log.LogCleaner)
[2022-05-28 02:03:48,974] INFO [kafka-log-cleaner-thread-0]: Starting (kafka.log.LogCleaner)
[2022-05-29 02:32:43,373] INFO Starting the log cleaner (kafka.log.LogCleaner)
[2022-05-29 02:32:43,819] INFO [kafka-log-cleaner-thread-0]: Starting (kafka.log.LogCleaner)
[2022-05-29 02:54:45,518] INFO Shutting down the log cleaner. (kafka.log.LogCleaner)
[2022-05-29 02:54:45,520] INFO [kafka-log-cleaner-thread-0]: Shutting down (kafka.log.LogCleaner)
[2022-05-29 02:54:45,521] INFO [kafka-log-cleaner-thread-0]: Stopped (kafka.log.LogCleaner)
[2022-05-29 02:54:45,521] INFO [kafka-log-cleaner-thread-0]: Shutdown completed (kafka.log.LogCleaner)
[2022-06-03 02:22:35,873] INFO Starting the log cleaner (kafka.log.LogCleaner)
[2022-06-03 02:22:36,045] INFO [kafka-log-cleaner-thread-0]: Starting (kafka.log.LogCleaner)
[2022-06-03 03:28:29,538] INFO Shutting down the log cleaner. (kafka.log.LogCleaner)
[2022-06-03 03:28:29,584] INFO [kafka-log-cleaner-thread-0]: Shutting down (kafka.log.LogCleaner)
[2022-06-03 03:28:29,587] INFO [kafka-log-cleaner-thread-0]: Stopped (kafka.log.LogCleaner)
[2022-06-03 03:28:29,587] INFO [kafka-log-cleaner-thread-0]: Shutdown completed (kafka.log.LogCleaner)
[2022-06-05 00:03:13,803] INFO Starting the log cleaner (kafka.log.LogCleaner)
[2022-06-05 00:03:13,973] INFO [kafka-log-cleaner-thread-0]: Starting (kafka.log.LogCleaner)
[2022-06-05 00:11:59,709] INFO Cleaner 0: Beginning cleaning of log __consumer_offsets-9. (kafka.log.LogCleaner)
[2022-06-05 00:11:59,710] INFO Cleaner 0: Building offset map for __consumer_offsets-9... (kafka.log.LogCleaner)
[2022-06-05 00:11:59,768] INFO Cleaner 0: Building offset map for log __consumer_offsets-9 for 1 segments in offset range [0, 9429). (kafka.log.LogCleaner)
[2022-06-05 00:11:59,934] INFO Cleaner 0: Offset map for log __consumer_offsets-9 complete. (kafka.log.LogCleaner)
[2022-06-05 00:11:59,935] INFO Cleaner 0: Cleaning log __consumer_offsets-9 (cleaning prior to Fri Jun 03 03:27:43 IST 2022, discarding tombstones prior to Thu Jan 01 05:30:00 IST 1970)... (kafka.log.LogCleaner)
[2022-06-05 00:11:59,943] INFO Cleaner 0: Cleaning LogSegment(baseOffset=0, size=851384, lastModifiedTime=1654207063418, largestTime=1654207063418) in log __consumer_offsets-9 into 0 with deletion horizon 0, retaining deletes. (kafka.log.LogCleaner)
[2022-06-05 00:12:00,186] INFO Cleaner 0: Swapping in cleaned segment LogSegment(baseOffset=0, size=494, lastModifiedTime=1654207063418, largestTime=1654207063418) for segment(s) List(LogSegment(baseOffset=0, size=851384, lastModifiedTime=1654207063418, largestTime=1654207063418)) in log Log(dir=C:\kafka_2.13-2.5.0\data\kafka\__consumer_offsets-9, topic=__consumer_offsets, partition=9, highWatermark=9433, lastStableOffset=9433, logStartOffset=0, logEndOffset=9433) (kafka.log.LogCleaner)
[2022-06-05 00:12:00,335] INFO Cleaner 0: Beginning cleaning of log __consumer_offsets-9. (kafka.log.LogCleaner)
[2022-06-05 00:12:00,335] INFO Cleaner 0: Building offset map for __consumer_offsets-9... (kafka.log.LogCleaner)
[2022-06-05 00:12:00,373] INFO Cleaner 0: Building offset map for log __consumer_offsets-9 for 1 segments in offset range [0, 9429). (kafka.log.LogCleaner)
[2022-06-05 00:12:00,395] INFO Cleaner 0: Offset map for log __consumer_offsets-9 complete. (kafka.log.LogCleaner)
[2022-06-05 00:12:00,395] INFO Cleaner 0: Cleaning log __consumer_offsets-9 (cleaning prior to Fri Jun 03 03:27:43 IST 2022, discarding tombstones prior to Thu Jan 01 05:30:00 IST 1970)... (kafka.log.LogCleaner)
[2022-06-05 00:13:50,001] INFO Starting the log cleaner (kafka.log.LogCleaner)
[2022-06-05 00:13:50,191] INFO [kafka-log-cleaner-thread-0]: Starting (kafka.log.LogCleaner)
[2022-06-05 00:13:50,299] INFO Cleaner 0: Beginning cleaning of log __consumer_offsets-9. (kafka.log.LogCleaner)
[2022-06-05 00:13:50,299] INFO Cleaner 0: Building offset map for __consumer_offsets-9... (kafka.log.LogCleaner)
[2022-06-05 00:13:50,883] INFO Cleaner 0: Building offset map for log __consumer_offsets-9 for 1 segments in offset range [0, 9429). (kafka.log.LogCleaner)
[2022-06-05 00:13:52,006] INFO Cleaner 0: Offset map for log __consumer_offsets-9 complete. (kafka.log.LogCleaner)
[2022-06-05 00:13:52,039] INFO Cleaner 0: Cleaning log __consumer_offsets-9 (cleaning prior to Fri Jun 03 03:27:43 IST 2022, discarding tombstones prior to Thu Jan 01 05:30:00 IST 1970)... (kafka.log.LogCleaner)
[2022-06-05 00:13:52,046] INFO Cleaner 0: Cleaning LogSegment(baseOffset=0, size=851384, lastModifiedTime=1654207063418, largestTime=1654207063418) in log __consumer_offsets-9 into 0 with deletion horizon 0, retaining deletes. (kafka.log.LogCleaner)
[2022-06-05 00:13:52,298] INFO Cleaner 0: Swapping in cleaned segment LogSegment(baseOffset=0, size=494, lastModifiedTime=1654207063418, largestTime=1654207063418) for segment(s) List(LogSegment(baseOffset=0, size=851384, lastModifiedTime=1654207063418, largestTime=1654207063418)) in log Log(dir=C:\kafka_2.13-2.5.0\data\kafka\__consumer_offsets-9, topic=__consumer_offsets, partition=9, highWatermark=0, lastStableOffset=0, logStartOffset=0, logEndOffset=9433) (kafka.log.LogCleaner)
[2022-06-05 00:13:52,502] INFO Cleaner 0: Beginning cleaning of log __consumer_offsets-9. (kafka.log.LogCleaner)
[2022-06-05 00:13:52,503] INFO Cleaner 0: Building offset map for __consumer_offsets-9... (kafka.log.LogCleaner)
[2022-06-05 00:13:52,527] INFO Cleaner 0: Building offset map for log __consumer_offsets-9 for 1 segments in offset range [0, 9429). (kafka.log.LogCleaner)
[2022-06-05 00:13:52,548] INFO Cleaner 0: Offset map for log __consumer_offsets-9 complete. (kafka.log.LogCleaner)
[2022-06-05 00:13:52,548] INFO Cleaner 0: Cleaning log __consumer_offsets-9 (cleaning prior to Fri Jun 03 03:27:43 IST 2022, discarding tombstones prior to Thu Jan 01 05:30:00 IST 1970)... (kafka.log.LogCleaner)
[2022-06-05 00:13:52,641] INFO Cleaner 0: Beginning cleaning of log __consumer_offsets-9. (kafka.log.LogCleaner)
[2022-06-05 00:13:52,641] INFO Cleaner 0: Building offset map for __consumer_offsets-9... (kafka.log.LogCleaner)
[2022-06-05 00:13:52,664] INFO Cleaner 0: Building offset map for log __consumer_offsets-9 for 1 segments in offset range [0, 9429). (kafka.log.LogCleaner)
[2022-06-05 00:13:52,682] INFO Cleaner 0: Offset map for log __consumer_offsets-9 complete. (kafka.log.LogCleaner)
[2022-06-05 00:13:52,682] INFO Cleaner 0: Cleaning log __consumer_offsets-9 (cleaning prior to Fri Jun 03 03:27:43 IST 2022, discarding tombstones prior to Thu Jan 01 05:30:00 IST 1970)... (kafka.log.LogCleaner)
[2022-06-05 00:13:52,750] INFO Cleaner 0: Beginning cleaning of log __consumer_offsets-9. (kafka.log.LogCleaner)
[2022-06-05 00:13:52,750] INFO Cleaner 0: Building offset map for __consumer_offsets-9... (kafka.log.LogCleaner)
[2022-06-05 00:13:52,771] INFO Cleaner 0: Building offset map for log __consumer_offsets-9 for 1 segments in offset range [0, 9429). (kafka.log.LogCleaner)
[2022-06-05 00:13:52,784] INFO Cleaner 0: Offset map for log __consumer_offsets-9 complete. (kafka.log.LogCleaner)
[2022-06-05 00:13:52,785] INFO Cleaner 0: Cleaning log __consumer_offsets-9 (cleaning prior to Fri Jun 03 03:27:43 IST 2022, discarding tombstones prior to Thu Jan 01 05:30:00 IST 1970)... (kafka.log.LogCleaner)
[2022-06-05 00:13:52,877] INFO Cleaner 0: Beginning cleaning of log __consumer_offsets-9. (kafka.log.LogCleaner)
[2022-06-05 00:13:52,877] INFO Cleaner 0: Building offset map for __consumer_offsets-9... (kafka.log.LogCleaner)
[2022-06-05 00:13:52,900] INFO Cleaner 0: Building offset map for log __consumer_offsets-9 for 1 segments in offset range [0, 9429). (kafka.log.LogCleaner)
[2022-06-05 00:13:52,916] INFO Cleaner 0: Offset map for log __consumer_offsets-9 complete. (kafka.log.LogCleaner)
[2022-06-05 00:13:52,917] INFO Cleaner 0: Cleaning log __consumer_offsets-9 (cleaning prior to Fri Jun 03 03:27:43 IST 2022, discarding tombstones prior to Thu Jan 01 05:30:00 IST 1970)... (kafka.log.LogCleaner)
[2022-06-05 00:13:53,023] INFO Cleaner 0: Beginning cleaning of log __consumer_offsets-9. (kafka.log.LogCleaner)
[2022-06-05 00:13:53,023] INFO Cleaner 0: Building offset map for __consumer_offsets-9... (kafka.log.LogCleaner)
[2022-06-05 00:13:53,130] INFO Cleaner 0: Building offset map for log __consumer_offsets-9 for 1 segments in offset range [0, 9429). (kafka.log.LogCleaner)
[2022-06-05 00:13:53,150] INFO Cleaner 0: Offset map for log __consumer_offsets-9 complete. (kafka.log.LogCleaner)
[2022-06-05 00:13:53,150] INFO Cleaner 0: Cleaning log __consumer_offsets-9 (cleaning prior to Fri Jun 03 03:27:43 IST 2022, discarding tombstones prior to Thu Jan 01 05:30:00 IST 1970)... (kafka.log.LogCleaner)
[2022-06-05 00:13:53,166] INFO Cleaner 0: Cleaning LogSegment(baseOffset=0, size=851384, lastModifiedTime=1654207063418, largestTime=1654207063418) in log __consumer_offsets-9 into 0 with deletion horizon 0, retaining deletes. (kafka.log.LogCleaner)
[2022-06-05 00:13:53,261] INFO Cleaner 0: Swapping in cleaned segment LogSegment(baseOffset=0, size=494, lastModifiedTime=1654207063418, largestTime=1654207063418) for segment(s) List(LogSegment(baseOffset=0, size=851384, lastModifiedTime=1654207063418, largestTime=1654207063418)) in log Log(dir=C:\kafka_2.13-2.5.0\data\kafka\__consumer_offsets-9, topic=__consumer_offsets, partition=9, highWatermark=0, lastStableOffset=0, logStartOffset=0, logEndOffset=9433) (kafka.log.LogCleaner)
[2022-06-05 00:13:53,373] INFO Cleaner 0: Beginning cleaning of log __consumer_offsets-9. (kafka.log.LogCleaner)
[2022-06-05 00:13:53,373] INFO Cleaner 0: Building offset map for __consumer_offsets-9... (kafka.log.LogCleaner)
[2022-06-05 00:13:53,397] INFO Cleaner 0: Building offset map for log __consumer_offsets-9 for 1 segments in offset range [0, 9429). (kafka.log.LogCleaner)
[2022-06-05 00:13:53,407] INFO Cleaner 0: Offset map for log __consumer_offsets-9 complete. (kafka.log.LogCleaner)
[2022-06-05 00:13:53,408] INFO Cleaner 0: Cleaning log __consumer_offsets-9 (cleaning prior to Fri Jun 03 03:27:43 IST 2022, discarding tombstones prior to Thu Jan 01 05:30:00 IST 1970)... (kafka.log.LogCleaner)
[2022-06-05 00:13:53,490] INFO Cleaner 0: Beginning cleaning of log __consumer_offsets-9. (kafka.log.LogCleaner)
[2022-06-05 00:13:53,490] INFO Cleaner 0: Building offset map for __consumer_offsets-9... (kafka.log.LogCleaner)
[2022-06-05 00:13:53,519] INFO Cleaner 0: Building offset map for log __consumer_offsets-9 for 1 segments in offset range [0, 9429). (kafka.log.LogCleaner)
[2022-06-05 00:13:53,532] INFO Cleaner 0: Offset map for log __consumer_offsets-9 complete. (kafka.log.LogCleaner)
[2022-06-05 00:13:53,533] INFO Cleaner 0: Cleaning log __consumer_offsets-9 (cleaning prior to Fri Jun 03 03:27:43 IST 2022, discarding tombstones prior to Thu Jan 01 05:30:00 IST 1970)... (kafka.log.LogCleaner)
[2022-06-05 00:13:53,594] INFO Cleaner 0: Beginning cleaning of log __consumer_offsets-9. (kafka.log.LogCleaner)
[2022-06-05 00:13:53,594] INFO Cleaner 0: Building offset map for __consumer_offsets-9... (kafka.log.LogCleaner)
[2022-06-05 00:13:53,614] INFO Cleaner 0: Building offset map for log __consumer_offsets-9 for 1 segments in offset range [0, 9429). (kafka.log.LogCleaner)
[2022-06-05 00:13:53,621] INFO Cleaner 0: Offset map for log __consumer_offsets-9 complete. (kafka.log.LogCleaner)
[2022-06-05 00:13:53,622] INFO Cleaner 0: Cleaning log __consumer_offsets-9 (cleaning prior to Fri Jun 03 03:27:43 IST 2022, discarding tombstones prior to Thu Jan 01 05:30:00 IST 1970)... (kafka.log.LogCleaner)
[2022-06-05 00:13:53,729] INFO Cleaner 0: Beginning cleaning of log __consumer_offsets-9. (kafka.log.LogCleaner)
[2022-06-05 00:13:53,729] INFO Cleaner 0: Building offset map for __consumer_offsets-9... (kafka.log.LogCleaner)
[2022-06-05 00:13:53,751] INFO Cleaner 0: Building offset map for log __consumer_offsets-9 for 1 segments in offset range [0, 9429). (kafka.log.LogCleaner)
[2022-06-05 00:13:53,762] INFO Cleaner 0: Offset map for log __consumer_offsets-9 complete. (kafka.log.LogCleaner)
[2022-06-05 00:13:53,763] INFO Cleaner 0: Cleaning log __consumer_offsets-9 (cleaning prior to Fri Jun 03 03:27:43 IST 2022, discarding tombstones prior to Thu Jan 01 05:30:00 IST 1970)... (kafka.log.LogCleaner)
[2022-06-05 00:17:38,889] INFO Starting the log cleaner (kafka.log.LogCleaner)
[2022-06-05 00:17:38,997] INFO [kafka-log-cleaner-thread-0]: Starting (kafka.log.LogCleaner)
[2022-06-05 00:27:23,244] INFO Shutting down the log cleaner. (kafka.log.LogCleaner)
[2022-06-05 00:27:23,245] INFO [kafka-log-cleaner-thread-0]: Shutting down (kafka.log.LogCleaner)
[2022-06-05 00:27:23,246] INFO [kafka-log-cleaner-thread-0]: Stopped (kafka.log.LogCleaner)
[2022-06-05 00:27:23,246] INFO [kafka-log-cleaner-thread-0]: Shutdown completed (kafka.log.LogCleaner)
[2022-09-15 00:35:31,592] INFO Starting the log cleaner (kafka.log.LogCleaner)
[2022-09-15 00:35:31,827] INFO [kafka-log-cleaner-thread-0]: Starting (kafka.log.LogCleaner)
[2022-09-15 00:52:47,685] INFO Shutting down the log cleaner. (kafka.log.LogCleaner)
[2022-09-15 00:52:47,686] INFO [kafka-log-cleaner-thread-0]: Shutting down (kafka.log.LogCleaner)
[2022-09-15 00:52:47,686] INFO [kafka-log-cleaner-thread-0]: Stopped (kafka.log.LogCleaner)
[2022-09-15 00:52:47,686] INFO [kafka-log-cleaner-thread-0]: Shutdown completed (kafka.log.LogCleaner)
[2022-10-15 15:27:20,435] INFO Starting the log cleaner (kafka.log.LogCleaner)
[2022-10-15 15:27:20,580] INFO [kafka-log-cleaner-thread-0]: Starting (kafka.log.LogCleaner)
[2022-10-15 15:41:28,247] INFO Starting the log cleaner (kafka.log.LogCleaner)
[2022-10-15 15:41:28,387] INFO [kafka-log-cleaner-thread-0]: Starting (kafka.log.LogCleaner)
[2022-10-16 23:27:23,157] INFO Starting the log cleaner (kafka.log.LogCleaner)
[2022-10-16 23:27:23,279] INFO [kafka-log-cleaner-thread-0]: Starting (kafka.log.LogCleaner)
